<?xml version="1.0" encoding="UTF-8"?>
<!-- Generated by org.testng.reporters.JUnitReportReporter -->
<testsuite hostname="DESKTOP-K5HF3LH" failures="0" tests="1" name="wally.testCase.Wally_Website" time="13.483" errors="0" timestamp="2023-07-20T22:26:37 IST" skipped="0">
  <testcase classname="wally.testCase.Wally_Website" name="website" time="13.483"/>
  <system-out/>
</testsuite> <!-- wally.testCase.Wally_Website -->
