<?xml version="1.0" encoding="UTF-8"?>
<!-- Generated by org.testng.reporters.JUnitReportReporter -->
<testsuite hostname="DESKTOP-K5HF3LH" failures="0" tests="1" name="wally.testCase.Wally_Login_TC" time="0.492" errors="0" timestamp="2023-07-20T22:26:37 IST" skipped="0">
  <testcase classname="wally.testCase.Wally_Login_TC" name="signin" time="0.492"/>
  <system-out/>
</testsuite> <!-- wally.testCase.Wally_Login_TC -->
